commit 8580de27a6642b0ea04c23dc96192fb2b368dc5a
Author: kuniedatuyoki <241205068@ccmailg.meijo-u.ac.jp>
Date:   Mon May 26 14:14:12 2025 +0900

    Update tetris.js
    
    blueをskyblueに変更

commit 1c4b34260dd2952d63019958faec43f40089c547
Merge: 5b7e0cb 24114f2
Author: kuniedatuyoki <241205068@ccmailg.meijo-u.ac.jp>
Date:   Mon May 26 14:12:46 2025 +0900

    Merge branch 'main' of https://github.com/kuniedatuyoki/20250526-git-workshop

commit 5b7e0cbcc4d9870054c08af11d9dee692036e267
Author: kuniedatuyoki <241205068@ccmailg.meijo-u.ac.jp>
Date:   Mon May 26 14:12:43 2025 +0900

    Update tetris.js
    
    skyblue

commit e48cb8531f5244cc717c52a537f5a31b7e12287f
Author: kuniedatuyoki <241205068@ccmailg.meijo-u.ac.jp>
Date:   Mon May 26 14:12:22 2025 +0900

    Update tetris.js
    
    ｂぅえ

commit 24114f2926d11a4212080cd6b1766699be05b7ca
Author: kuniedatuyoki <241205068@ccmailg.meijo-u.ac.jp>
Date:   Mon May 26 14:11:27 2025 +0900

    Update tetris.js

commit 578320ca5d776092421270925196406df8151a37
Merge: 5b5108c a0bf8cf
Author: kuniedatuyoki <241205068@ccmailg.meijo-u.ac.jp>
Date:   Mon May 26 14:10:28 2025 +0900

    Merge branch 'main' of https://github.com/kuniedatuyoki/20250526-git-workshop

commit 5b5108c2adde437612c28a4cf9cb77a59b2238ca
Author: kuniedatuyoki <241205068@ccmailg.meijo-u.ac.jp>
Date:   Mon May 26 14:09:12 2025 +0900

    色変更
    
    blueをskyblueに変更

commit a0bf8cfa1ef98d0b4d12449d5b70a272a690035e
Author: kuniedatuyoki <241205068@ccmailg.meijo-u.ac.jp>
Date:   Mon May 26 14:07:30 2025 +0900

    Update tetris.js

commit d10e9471b634079b7c5a827799eed274fa2de309
Author: kuniedatuyoki <241205068@ccmailg.meijo-u.ac.jp>
Date:   Mon May 26 14:05:55 2025 +0900

    Update tetris.js

commit 684d6fd9ba02a677fd6af0a5893d9ea1e2ef3450
Author: kuniedatuyoki <241205068@ccmailg.meijo-u.ac.jp>
Date:   Mon May 26 14:00:57 2025 +0900

    Update tetris.js
    
    速さを変更

commit b50ed7549904cd2a00b968bf3df2fd9cde700477
Author: kuniedatuyoki <241205068@ccmailg.meijo-u.ac.jp>
Date:   Mon May 26 13:52:25 2025 +0900

    ピースの色を変更
    
    limeに変更
